<?xml version="1.0" encoding="UTF-8"?>
<!-- Generated by org.testng.reporters.JUnitXMLReporter -->
<testsuite hostname="LAPTOP-HHN7D2TC" ignored="4" name="Test" tests="4" failures="0" timestamp="2020-05-04T14:51:51 IST" time="38.471" errors="0">
  <testcase name="Br" time="7.658" classname="com.ebanking.master.BranchNG"/>
  <testcase name="Role" time="9.434" classname="com.ebanking.master.RoleNg"/>
  <testcase name="Role" time="9.253" classname="com.ebanking.master.RoleNg"/>
  <testcase name="Role" time="10.14" classname="com.ebanking.master.RoleNg"/>
  <testcase name="@BeforeTest beforeTest" time="0.0" classname="com.ebanking.master.Base">
    <ignored/>
  </testcase> <!-- @BeforeTest beforeTest -->
  <testcase name="@AfterTest afterTest" time="0.0" classname="com.ebanking.master.Base">
    <ignored/>
  </testcase> <!-- @AfterTest afterTest -->
  <testcase name="@BeforeSuite beforeSuite" time="0.0" classname="com.ebanking.master.Base">
    <ignored/>
  </testcase> <!-- @BeforeSuite beforeSuite -->
  <testcase name="@AfterSuite afterSuite" time="0.0" classname="com.ebanking.master.Base">
    <ignored/>
  </testcase> <!-- @AfterSuite afterSuite -->
</testsuite> <!-- Test -->
